<?xml version="1.0" encoding="UTF-8"?>
<!-- Generated by org.testng.reporters.JUnitReportReporter -->
<testsuite hostname="DESKTOP-ACEQNIB" failures="0" tests="1" name="test.LoginTest" time="15.859" errors="0" timestamp="2024-07-28T15:00:56 CDT" skipped="0">
  <testcase classname="test.LoginTest" name="validUserShouldBeAbleToLogin" time="15.859"/>
  <system-out/>
</testsuite> <!-- test.LoginTest -->
